  [1m[35m (0.2ms)[0m  [1m[34mSELECT sqlite_version(*)[0m
  ↳ bin/rails:9
  [1m[35m (88.4ms)[0m  [1m[35mCREATE TABLE "schema_migrations" ("version" varchar NOT NULL PRIMARY KEY)[0m
  ↳ bin/rails:9
  [1m[35m (105.4ms)[0m  [1m[35mCREATE TABLE "ar_internal_metadata" ("key" varchar NOT NULL PRIMARY KEY, "value" varchar, "created_at" datetime NOT NULL, "updated_at" datetime NOT NULL)[0m
  ↳ bin/rails:9
  [1m[35m (0.2ms)[0m  [1m[34mSELECT "schema_migrations"."version" FROM "schema_migrations" ORDER BY "schema_migrations"."version" ASC[0m
  ↳ bin/rails:9
Migrating to CreateUsers (20200701101225)
  [1m[35m (0.1ms)[0m  [1m[36mbegin transaction[0m
  ↳ bin/rails:9
  [1m[35m (0.7ms)[0m  [1m[35mCREATE TABLE "users" ("id" integer PRIMARY KEY AUTOINCREMENT NOT NULL, "username" varchar, "created_at" datetime NOT NULL, "updated_at" datetime NOT NULL)[0m
  ↳ db/migrate/20200701101225_create_users.rb:3
  [1m[36mActiveRecord::SchemaMigration Create (0.2ms)[0m  [1m[32mINSERT INTO "schema_migrations" ("version") VALUES (?)[0m  [["version", "20200701101225"]]
  ↳ bin/rails:9
  [1m[35m (102.0ms)[0m  [1m[36mcommit transaction[0m
  ↳ bin/rails:9
Migrating to CreatePosts (20200701101442)
  [1m[35m (0.1ms)[0m  [1m[36mbegin transaction[0m
  ↳ bin/rails:9
  [1m[35m (0.4ms)[0m  [1m[35mCREATE TABLE "posts" ("id" integer PRIMARY KEY AUTOINCREMENT NOT NULL, "title" varchar, "body" text, "created_at" datetime NOT NULL, "updated_at" datetime NOT NULL)[0m
  ↳ db/migrate/20200701101442_create_posts.rb:3
  [1m[36mActiveRecord::SchemaMigration Create (0.2ms)[0m  [1m[32mINSERT INTO "schema_migrations" ("version") VALUES (?)[0m  [["version", "20200701101442"]]
  ↳ bin/rails:9
  [1m[35m (119.5ms)[0m  [1m[36mcommit transaction[0m
  ↳ bin/rails:9
Migrating to CreateComments (20200701101605)
  [1m[35m (2.4ms)[0m  [1m[36mbegin transaction[0m
  ↳ bin/rails:9
  [1m[35m (0.6ms)[0m  [1m[35mCREATE TABLE "comments" ("id" integer PRIMARY KEY AUTOINCREMENT NOT NULL, "body" text, "created_at" datetime NOT NULL, "updated_at" datetime NOT NULL)[0m
  ↳ db/migrate/20200701101605_create_comments.rb:3
  [1m[36mActiveRecord::SchemaMigration Create (0.2ms)[0m  [1m[32mINSERT INTO "schema_migrations" ("version") VALUES (?)[0m  [["version", "20200701101605"]]
  ↳ bin/rails:9
  [1m[35m (85.8ms)[0m  [1m[36mcommit transaction[0m
  ↳ bin/rails:9
Migrating to AddUserToPosts (20200701103409)
  [1m[35m (0.1ms)[0m  [1m[36mbegin transaction[0m
  ↳ bin/rails:9
  [1m[35m (0.4ms)[0m  [1m[35mALTER TABLE "posts" ADD "user_id" integer[0m
  ↳ db/migrate/20200701103409_add_user_to_posts.rb:3
  [1m[35m (0.2ms)[0m  [1m[35mCREATE  INDEX "index_posts_on_user_id" ON "posts" ("user_id")[0m
  ↳ db/migrate/20200701103409_add_user_to_posts.rb:3
  [1m[36mActiveRecord::SchemaMigration Create (0.4ms)[0m  [1m[32mINSERT INTO "schema_migrations" ("version") VALUES (?)[0m  [["version", "20200701103409"]]
  ↳ bin/rails:9
  [1m[35m (63.2ms)[0m  [1m[36mcommit transaction[0m
  ↳ bin/rails:9
Migrating to AddUserToComments (20200701103521)
  [1m[35m (0.1ms)[0m  [1m[36mbegin transaction[0m
  ↳ bin/rails:9
  [1m[35m (1.3ms)[0m  [1m[35mALTER TABLE "comments" ADD "user_id" integer[0m
  ↳ db/migrate/20200701103521_add_user_to_comments.rb:3
  [1m[35m (0.2ms)[0m  [1m[35mCREATE  INDEX "index_comments_on_user_id" ON "comments" ("user_id")[0m
  ↳ db/migrate/20200701103521_add_user_to_comments.rb:3
  [1m[36mActiveRecord::SchemaMigration Create (0.3ms)[0m  [1m[32mINSERT INTO "schema_migrations" ("version") VALUES (?)[0m  [["version", "20200701103521"]]
  ↳ bin/rails:9
  [1m[35m (59.3ms)[0m  [1m[36mcommit transaction[0m
  ↳ bin/rails:9
Migrating to AddPostToComments (20200701103730)
  [1m[35m (0.1ms)[0m  [1m[36mbegin transaction[0m
  ↳ bin/rails:9
  [1m[35m (1.4ms)[0m  [1m[35mALTER TABLE "comments" ADD "post_id" integer[0m
  ↳ db/migrate/20200701103730_add_post_to_comments.rb:3
  [1m[35m (0.2ms)[0m  [1m[35mCREATE  INDEX "index_comments_on_post_id" ON "comments" ("post_id")[0m
  ↳ db/migrate/20200701103730_add_post_to_comments.rb:3
  [1m[36mActiveRecord::SchemaMigration Create (0.2ms)[0m  [1m[32mINSERT INTO "schema_migrations" ("version") VALUES (?)[0m  [["version", "20200701103730"]]
  ↳ bin/rails:9
  [1m[35m (63.8ms)[0m  [1m[36mcommit transaction[0m
  ↳ bin/rails:9
  [1m[36mActiveRecord::InternalMetadata Load (0.8ms)[0m  [1m[34mSELECT  "ar_internal_metadata".* FROM "ar_internal_metadata" WHERE "ar_internal_metadata"."key" = ? LIMIT ?[0m  [["key", "environment"], ["LIMIT", 1]]
  ↳ bin/rails:9
  [1m[35m (0.1ms)[0m  [1m[36mbegin transaction[0m
  ↳ bin/rails:9
  [1m[36mActiveRecord::InternalMetadata Create (9.2ms)[0m  [1m[32mINSERT INTO "ar_internal_metadata" ("key", "value", "created_at", "updated_at") VALUES (?, ?, ?, ?)[0m  [["key", "environment"], ["value", "development"], ["created_at", "2020-07-01 10:38:49.087906"], ["updated_at", "2020-07-01 10:38:49.087906"]]
  ↳ bin/rails:9
  [1m[35m (71.2ms)[0m  [1m[36mcommit transaction[0m
  ↳ bin/rails:9
  [1m[35m (0.2ms)[0m  [1m[34mSELECT "schema_migrations"."version" FROM "schema_migrations" ORDER BY "schema_migrations"."version" ASC[0m
  ↳ bin/rails:9
  [1m[35m (0.3ms)[0m  [1m[34mSELECT "schema_migrations"."version" FROM "schema_migrations" ORDER BY "schema_migrations"."version" ASC[0m
  ↳ bin/rails:9
